\BOOKMARK [0][-]{part*.1}{\376\377\004\027\004\060\004\064\004\060\004\075\004\070\004\065\000\040\0001}{}% 1
\BOOKMARK [1][-]{section*.2}{\376\377\004\032\004\073\004\060\004\101\004\101\004\070\004\104\004\070\004\072\004\060\004\106\004\070\004\117\000\040\004\103\004\100\004\060\004\062\004\075\004\065\004\075\004\070\004\071\000\040\0002\000-\004\063\004\076\000\040\004\077\004\076\004\100\004\117\004\064\004\072\004\060\000,\000\040\004\105\004\060\004\100\004\060\004\072\004\102\004\065\004\100\004\070\004\101\004\102\004\070\004\072\004\070}{part*.1}% 2
\BOOKMARK [2][-]{subsection*.3}{\376\377\0001}{section*.2}% 3
\BOOKMARK [2][-]{subsection*.4}{\376\377\0002}{section*.2}% 4
\BOOKMARK [2][-]{subsection*.5}{\376\377\0002\000.\0001\000\050\0002\000\051}{section*.2}% 5
\BOOKMARK [1][-]{section*.6}{\376\377\004\037\004\100\004\070\004\062\004\065\004\064\004\065\004\075\004\070\004\065\000\040\004\072\000\040\004\072\004\060\004\075\004\076\004\075\004\070\004\107\004\065\004\101\004\072\004\076\004\074\004\103\000\040\004\062\004\070\004\064\004\103\000\040\004\103\004\100\004\060\004\062\004\075\004\065\004\075\004\070\004\071\000\040\0001\000-\004\063\004\076\000\040\004\077\004\076\004\100\004\117\004\064\004\072\004\060\000\040\004\062\000\040\004\101\004\073\004\103\004\107\004\060\004\065\000\040\004\064\004\062\004\103\004\105\000\040\004\075\004\065\004\067\004\060\004\062\004\070\004\101\004\070\004\074\004\113\004\105\000\040\004\077\004\065\004\100\004\065\004\074\004\065\004\075\004\075\004\113\004\105\000\040\004\062\000\040\004\076\004\061\004\073\004\060\004\101\004\102\004\070}{part*.1}% 6
\BOOKMARK [2][-]{subsection*.7}{\376\377\0002\000.\0001\0001\000\050\0006\000\051}{section*.6}% 7
\BOOKMARK [2][-]{subsection*.8}{\376\377\0001}{section*.6}% 8
\BOOKMARK [2][-]{subsection*.9}{\376\377\0002}{section*.6}% 9
\BOOKMARK [2][-]{subsection*.10}{\376\377\0003}{section*.6}% 10
\BOOKMARK [1][-]{section*.11}{\376\377\004\022\004\076\004\073\004\075\004\076\004\062\004\076\004\065\000\040\004\103\004\100\004\060\004\062\004\075\004\065\004\075\004\070\004\065}{part*.1}% 11
\BOOKMARK [2][-]{subsection*.12}{\376\377\0001}{section*.11}% 12
\BOOKMARK [2][-]{subsection*.13}{\376\377\0002}{section*.11}% 13
\BOOKMARK [2][-]{subsection*.14}{\376\377\0003}{section*.11}% 14
\BOOKMARK [2][-]{subsection*.15}{\376\377\0004}{section*.11}% 15
\BOOKMARK [2][-]{subsection*.16}{\376\377\0005}{section*.11}% 16
\BOOKMARK [2][-]{subsection*.17}{\376\377\0006}{section*.11}% 17
\BOOKMARK [0][-]{part*.18}{\376\377\004\027\004\060\004\064\004\060\004\075\004\070\004\065\000\040\0002}{}% 18
\BOOKMARK [1][-]{section*.19}{\376\377\004\027\004\060\004\064\004\060\004\107\004\060\000\040\004\032\004\076\004\110\004\070\000\040\004\064\004\073\004\117\000\040\004\103\004\100\004\060\004\062\004\075\004\065\004\075\004\070\004\117\000\040\004\102\004\065\004\077\004\073\004\076\004\077\004\100\004\076\004\062\004\076\004\064\004\075\004\076\004\101\004\102\004\070}{part*.18}% 19
\BOOKMARK [2][-]{subsection*.20}{\376\377\0001}{section*.19}% 20
\BOOKMARK [1][-]{section*.21}{\376\377\004\032\004\100\004\060\004\065\004\062\004\113\004\065\000\040\004\067\004\060\004\064\004\060\004\107\004\070\000\040\004\064\004\073\004\117\000\040\004\103\004\100\004\060\004\062\004\075\004\065\004\075\004\070\004\117\000\040\004\037\004\103\004\060\004\101\004\076\004\075\004\075\004\060\000\040\004\062\000\040\004\072\004\100\004\103\004\063\004\065\000\040\004\070\000\040\004\072\004\076\004\073\004\114\004\106\004\065\000,\000\040\004\110\004\060\004\100\004\065\000\040\004\070\000\040\004\110\004\060\004\100\004\076\004\062\004\076\004\074\000\040\004\101\004\073\004\076\004\065}{part*.18}% 21
\BOOKMARK [2][-]{subsection*.22}{\376\377\000\040\0001\0006\000.\0001\000\050\0003\000\051\000\040}{section*.21}% 22
\BOOKMARK [2][-]{subsection*.23}{\376\377\0001}{section*.21}% 23
\BOOKMARK [2][-]{subsection*.24}{\376\377\0002}{section*.21}% 24
